<?xml version="1.0" encoding="UTF-8"?>
<!-- Generated by org.testng.reporters.JUnitReportReporter -->
<testsuite name="SampleTest" tests="1" time="16.945" ignored="0" failures="0" timestamp="05 Aug 2017 07:32:38 GMT" skipped="0" hostname="GLN-PC" errors="0">
  <testcase name="test" time="16.945" classname="SampleTest"/>
</testsuite> <!-- SampleTest -->
