<?xml version="1.0" encoding="UTF-8"?>
<!-- Generated by org.testng.reporters.JUnitReportReporter -->
<testsuite name="SampleTest" tests="1" time="21.076" ignored="0" failures="0" timestamp="05 Aug 2017 09:02:04 GMT" skipped="0" hostname="GLN-PC" errors="0">
  <testcase name="test" time="21.076" classname="SampleTest"/>
</testsuite> <!-- SampleTest -->
