<?xml version="1.0" encoding="UTF-8"?>
<!-- Generated by org.testng.reporters.JUnitReportReporter -->
<testsuite hostname="GLN-PC" name="SampleTest" tests="1" failures="0" timestamp="5 Aug 2017 07:40:46 GMT" time="17.819" errors="0">
  <testcase name="test" time="17.819" classname="SampleTest"/>
</testsuite> <!-- SampleTest -->
