<?xml version="1.0" encoding="UTF-8"?>
<!-- Generated by org.testng.reporters.JUnitReportReporter -->
<testsuite skipped="0" hostname="GLN-PC" name="SampleTest" tests="1" failures="0" timestamp="05 Aug 2017 08:43:59 GMT" time="28.829" errors="0">
  <testcase name="test" time="28.829" classname="SampleTest"/>
</testsuite> <!-- SampleTest -->
